2025-12-06 09:39:55,787 INFO ddos_app.db - SELECT: SELECT relname FROM pg_class c JOIN pg_namespace n ON n.oid = c.relnamespace WHERE n.nspname = %s AND c.relkind = 'v' ORDER BY relname params=('app',)
2025-12-06 09:39:55,823 INFO ddos_app.db - SELECT: SELECT relname FROM pg_class c JOIN pg_namespace n ON n.oid = c.relnamespace WHERE n.nspname = %s AND c.relkind = 'm' ORDER BY relname params=('app',)
2025-12-06 09:40:00,617 INFO ddos_app.db - SELECT: SELECT pg_get_viewdef(%s::regclass, true) params=('app.v_ddos_events_last_hour',)
2025-12-06 09:40:03,118 INFO ddos_app.db - SELECT: SELECT * FROM app."v_ddos_events_last_hour" LIMIT 100 params=()
2025-12-06 09:40:05,074 INFO ddos_app.db - SELECT: SELECT pg_get_viewdef(%s::regclass, true) params=('app.v_domain_current_state',)
2025-12-06 09:40:05,512 INFO ddos_app.db - SELECT: SELECT * FROM app."v_domain_current_state" LIMIT 100 params=()
2025-12-06 09:40:15,722 INFO ddos_app.db - SELECT: SELECT table_schema, table_name FROM information_schema.tables WHERE table_schema=%s AND table_type='BASE TABLE' ORDER BY 1,2 params=('app',)
2025-12-06 09:40:15,764 INFO ddos_app.db - SELECT: SELECT table_schema, table_name FROM information_schema.tables WHERE table_schema=%s AND table_type='BASE TABLE' ORDER BY 1,2 params=('app',)
2025-12-06 09:40:15,809 INFO ddos_app.db - SELECT: SELECT column_name, data_type, udt_schema, udt_name, is_nullable, column_default, ordinal_position FROM information_schema.columns WHERE table_schema=%s AND table_name=%s ORDER BY  params=('app', 'app_user')
2025-12-06 09:40:15,850 INFO ddos_app.db - SELECT: SELECT column_name, data_type, udt_schema, udt_name, is_nullable, column_default, ordinal_position FROM information_schema.columns WHERE table_schema=%s AND table_name=%s ORDER BY  params=('app', 'app_user')
2025-12-06 09:40:48,094 INFO ddos_app.db - SELECT: SELECT table_schema, table_name FROM information_schema.tables WHERE table_schema=%s AND table_type='BASE TABLE' ORDER BY 1,2 params=('app',)
2025-12-06 09:40:48,132 INFO ddos_app.db - SELECT: SELECT table_schema, table_name FROM information_schema.tables WHERE table_schema=%s AND table_type='BASE TABLE' ORDER BY 1,2 params=('app',)
2025-12-06 09:40:48,172 INFO ddos_app.db - SELECT: SELECT column_name, data_type, udt_schema, udt_name, is_nullable, column_default, ordinal_position FROM information_schema.columns WHERE table_schema=%s AND table_name=%s ORDER BY  params=('app', 'app_user')
2025-12-06 09:40:48,211 INFO ddos_app.db - SELECT: SELECT column_name, data_type, udt_schema, udt_name, is_nullable, column_default, ordinal_position FROM information_schema.columns WHERE table_schema=%s AND table_name=%s ORDER BY  params=('app', 'app_user')
2025-12-06 09:45:11,922 INFO ddos_app.db - SELECT: SELECT relname FROM pg_class c JOIN pg_namespace n ON n.oid = c.relnamespace WHERE n.nspname = %s AND c.relkind = 'v' ORDER BY relname params=('app',)
2025-12-06 09:45:11,955 INFO ddos_app.db - SELECT: SELECT relname FROM pg_class c JOIN pg_namespace n ON n.oid = c.relnamespace WHERE n.nspname = %s AND c.relkind = 'm' ORDER BY relname params=('app',)
2025-12-06 09:45:20,117 INFO ddos_app.db - SELECT: SELECT table_schema, table_name FROM information_schema.tables WHERE table_schema=%s AND table_type='BASE TABLE' ORDER BY 1,2 params=('app',)
2025-12-06 09:45:20,151 INFO ddos_app.db - SELECT: SELECT column_name, data_type, udt_schema, udt_name, is_nullable, column_default, ordinal_position FROM information_schema.columns WHERE table_schema=%s AND table_name=%s ORDER BY  params=('app', 'app_user')
2025-12-06 09:45:20,189 INFO ddos_app.db - SELECT: SELECT column_name, data_type, udt_schema, udt_name, is_nullable, column_default, ordinal_position FROM information_schema.columns WHERE table_schema=%s AND table_name=%s ORDER BY  params=('app', 'app_user')
2025-12-06 09:45:57,383 INFO ddos_app.db - SELECT: SELECT table_schema, table_name FROM information_schema.tables WHERE table_schema=%s AND table_type='BASE TABLE' ORDER BY 1,2 params=('app',)
2025-12-06 09:45:57,423 INFO ddos_app.db - SELECT: SELECT column_name, data_type, udt_schema, udt_name, is_nullable, column_default, ordinal_position FROM information_schema.columns WHERE table_schema=%s AND table_name=%s ORDER BY  params=('app', 'app_user')
2025-12-06 09:45:57,469 INFO ddos_app.db - SELECT: SELECT column_name, data_type, udt_schema, udt_name, is_nullable, column_default, ordinal_position FROM information_schema.columns WHERE table_schema=%s AND table_name=%s ORDER BY  params=('app', 'app_user')
2025-12-06 09:48:03,405 INFO ddos_app.db - SELECT: SELECT table_schema, table_name FROM information_schema.tables WHERE table_schema=%s AND table_type='BASE TABLE' ORDER BY 1,2 params=('app',)
2025-12-06 09:48:03,440 INFO ddos_app.db - SELECT: SELECT column_name, data_type, udt_schema, udt_name, is_nullable, column_default, ordinal_position FROM information_schema.columns WHERE table_schema=%s AND table_name=%s ORDER BY  params=('app', 'app_user')
2025-12-06 09:48:03,486 INFO ddos_app.db - SELECT: SELECT column_name, data_type, udt_schema, udt_name, is_nullable, column_default, ordinal_position FROM information_schema.columns WHERE table_schema=%s AND table_name=%s ORDER BY  params=('app', 'app_user')
2025-12-06 09:48:03,527 INFO ddos_app.db - SELECT: SELECT column_name, data_type, udt_schema, udt_name, is_nullable, column_default, ordinal_position FROM information_schema.columns WHERE table_schema=%s AND table_name=%s ORDER BY  params=('app', 'app_user')
2025-12-06 09:48:03,566 INFO ddos_app.db - SELECT: SELECT column_name, data_type, udt_schema, udt_name, is_nullable, column_default, ordinal_position FROM information_schema.columns WHERE table_schema=%s AND table_name=%s ORDER BY  params=('app', 'app_user')
2025-12-06 09:49:33,429 INFO ddos_app.db - SELECT: SELECT table_schema, table_name FROM information_schema.tables WHERE table_schema=%s AND table_type='BASE TABLE' ORDER BY 1,2 params=('app',)
2025-12-06 09:49:33,581 INFO ddos_app.db - SELECT: SELECT column_name, data_type, udt_schema, udt_name, is_nullable, column_default, ordinal_position FROM information_schema.columns WHERE table_schema=%s AND table_name=%s ORDER BY  params=('app', 'app_user')
2025-12-06 09:49:33,621 INFO ddos_app.db - SELECT: SELECT column_name, data_type, udt_schema, udt_name, is_nullable, column_default, ordinal_position FROM information_schema.columns WHERE table_schema=%s AND table_name=%s ORDER BY  params=('app', 'app_user')
2025-12-06 09:49:33,661 INFO ddos_app.db - SELECT: SELECT column_name, data_type, udt_schema, udt_name, is_nullable, column_default, ordinal_position FROM information_schema.columns WHERE table_schema=%s AND table_name=%s ORDER BY  params=('app', 'app_user')
2025-12-06 09:49:33,700 INFO ddos_app.db - SELECT: SELECT column_name, data_type, udt_schema, udt_name, is_nullable, column_default, ordinal_position FROM information_schema.columns WHERE table_schema=%s AND table_name=%s ORDER BY  params=('app', 'app_user')
2025-12-06 09:51:10,940 INFO ddos_app.db - SELECT: SELECT column_name, data_type, udt_schema, udt_name, is_nullable, column_default, ordinal_position FROM information_schema.columns WHERE table_schema=%s AND table_name=%s ORDER BY  params=('CTE', 'name')
2025-12-06 09:51:12,264 INFO ddos_app.db - SELECT: SELECT column_name, data_type, udt_schema, udt_name, is_nullable, column_default, ordinal_position FROM information_schema.columns WHERE table_schema=%s AND table_name=%s ORDER BY  params=('app', 'tracked_domain')
2025-12-06 09:51:15,059 INFO ddos_app.db - SELECT: SELECT column_name, data_type, udt_schema, udt_name, is_nullable, column_default, ordinal_position FROM information_schema.columns WHERE table_schema=%s AND table_name=%s ORDER BY  params=('app', 'metric_sample')
2025-12-06 09:52:39,369 INFO ddos_app.db - SELECT: SELECT table_schema, table_name FROM information_schema.tables WHERE table_schema=%s AND table_type='BASE TABLE' ORDER BY 1,2 params=('app',)
2025-12-06 09:52:39,404 INFO ddos_app.db - SELECT: SELECT column_name, data_type, udt_schema, udt_name, is_nullable, column_default, ordinal_position FROM information_schema.columns WHERE table_schema=%s AND table_name=%s ORDER BY  params=('app', 'app_user')
2025-12-06 09:52:39,445 INFO ddos_app.db - SELECT: SELECT column_name, data_type, udt_schema, udt_name, is_nullable, column_default, ordinal_position FROM information_schema.columns WHERE table_schema=%s AND table_name=%s ORDER BY  params=('app', 'app_user')
2025-12-06 09:52:39,483 INFO ddos_app.db - SELECT: SELECT column_name, data_type, udt_schema, udt_name, is_nullable, column_default, ordinal_position FROM information_schema.columns WHERE table_schema=%s AND table_name=%s ORDER BY  params=('app', 'app_user')
2025-12-06 09:52:39,522 INFO ddos_app.db - SELECT: SELECT column_name, data_type, udt_schema, udt_name, is_nullable, column_default, ordinal_position FROM information_schema.columns WHERE table_schema=%s AND table_name=%s ORDER BY  params=('app', 'app_user')
2025-12-06 09:53:05,919 INFO ddos_app.db - SELECT: SELECT column_name, data_type, udt_schema, udt_name, is_nullable, column_default, ordinal_position FROM information_schema.columns WHERE table_schema=%s AND table_name=%s ORDER BY  params=('app', 'metric_sample')
2025-12-06 09:54:15,533 INFO ddos_app.db - SELECT: SELECT "domain_id", SUM("packets_per_s") AS "SUMMA" FROM app.metric_sample GROUP BY "domain_id" HAVING SUM("packets_per_s") >= 10000 LIMIT 200 params=()
2025-12-06 09:54:30,480 INFO ddos_app.db - SELECT: SELECT column_name, data_type, udt_schema, udt_name, is_nullable, column_default, ordinal_position FROM information_schema.columns WHERE table_schema=%s AND table_name=%s ORDER BY  params=('CTE', 'SUMMA')
2025-12-06 09:54:34,074 INFO ddos_app.db - SELECT: SELECT column_name, data_type, udt_schema, udt_name, is_nullable, column_default, ordinal_position FROM information_schema.columns WHERE table_schema=%s AND table_name=%s ORDER BY  params=('app', 'exp_table')
2025-12-06 09:54:35,474 INFO ddos_app.db - SELECT: SELECT column_name, data_type, udt_schema, udt_name, is_nullable, column_default, ordinal_position FROM information_schema.columns WHERE table_schema=%s AND table_name=%s ORDER BY  params=('app', 'protected_column')
2025-12-06 09:54:36,992 INFO ddos_app.db - SELECT: SELECT column_name, data_type, udt_schema, udt_name, is_nullable, column_default, ordinal_position FROM information_schema.columns WHERE table_schema=%s AND table_name=%s ORDER BY  params=('app', 'metric_sample')
2025-12-06 09:54:42,646 INFO ddos_app.db - SELECT: WITH SUMMA AS ( SELECT "domain_id", SUM("packets_per_s") AS "SUMMA" FROM app.metric_sample GROUP BY "domain_id" HAVING SUM("packets_per_s") >= 10000 ) SELECT "id", "domain_id", "ts params=()
2025-12-06 09:56:58,780 INFO ddos_app.db - SELECT: WITH SUMMA AS ( SELECT "domain_id", SUM("packets_per_s") AS "SUMMA" FROM app.metric_sample GROUP BY "domain_id" HAVING SUM("packets_per_s") >= 10000 ) LIMIT 200 params=()
2025-12-06 09:57:03,099 INFO ddos_app.db - SELECT: WITH SUMMA AS ( SELECT "domain_id", SUM("packets_per_s") AS "SUMMA" FROM app.metric_sample GROUP BY "domain_id" HAVING SUM("packets_per_s") >= 10000 ) SELECT "id", "domain_id", "ts params=()
2025-12-06 09:57:16,280 INFO ddos_app.db - SELECT: WITH SUMMA AS ( SELECT "domain_id", SUM("packets_per_s") AS "SUMMA" FROM app.metric_sample GROUP BY "domain_id" HAVING SUM("packets_per_s") >= 10000 ) SELECT "id", "domain_id", "ts params=()
2025-12-06 09:57:41,291 INFO ddos_app.db - SELECT: WITH SUMMA AS ( SELECT "domain_id", SUM("packets_per_s") AS "SUMMA" FROM app.metric_sample GROUP BY "domain_id" HAVING SUM("packets_per_s") >= 10000 ) SELECT "domain_id", SUM("pack params=()
2025-12-06 09:57:59,107 INFO ddos_app.db - CMD: CREATE OR REPLACE VIEW app."VIEWNEW" AS WITH SUMMA AS (
SELECT "domain_id", SUM("packets_per_s") AS  params=()
2025-12-06 09:58:01,619 INFO ddos_app.db - SELECT: SELECT relname FROM pg_class c JOIN pg_namespace n ON n.oid = c.relnamespace WHERE n.nspname = %s AND c.relkind = 'v' ORDER BY relname params=('app',)
2025-12-06 09:58:01,652 INFO ddos_app.db - SELECT: SELECT relname FROM pg_class c JOIN pg_namespace n ON n.oid = c.relnamespace WHERE n.nspname = %s AND c.relkind = 'm' ORDER BY relname params=('app',)
2025-12-06 09:58:04,434 INFO ddos_app.db - SELECT: SELECT * FROM app."VIEWNEW" LIMIT 100 params=()
2025-12-06 09:58:11,383 INFO ddos_app.db - SELECT: SELECT pg_get_viewdef(%s::regclass, true) params=('app.VIEWNEW',)
2025-12-06 09:58:19,537 INFO ddos_app.db - SELECT: SELECT pg_get_viewdef(%s::regclass, true) params=('app.VIEWNEW',)
2025-12-06 09:58:23,915 INFO ddos_app.db - SELECT: SELECT table_schema, table_name FROM information_schema.tables WHERE table_schema=%s AND table_type='BASE TABLE' ORDER BY 1,2 params=('app',)
2025-12-06 09:58:23,956 INFO ddos_app.db - SELECT: SELECT column_name, data_type, udt_schema, udt_name, is_nullable, column_default, ordinal_position FROM information_schema.columns WHERE table_schema=%s AND table_name=%s ORDER BY  params=('app', 'app_user')
2025-12-06 09:58:24,004 INFO ddos_app.db - SELECT: SELECT column_name, data_type, udt_schema, udt_name, is_nullable, column_default, ordinal_position FROM information_schema.columns WHERE table_schema=%s AND table_name=%s ORDER BY  params=('app', 'app_user')
2025-12-06 09:58:24,049 INFO ddos_app.db - SELECT: SELECT column_name, data_type, udt_schema, udt_name, is_nullable, column_default, ordinal_position FROM information_schema.columns WHERE table_schema=%s AND table_name=%s ORDER BY  params=('app', 'app_user')
2025-12-06 09:58:24,099 INFO ddos_app.db - SELECT: SELECT column_name, data_type, udt_schema, udt_name, is_nullable, column_default, ordinal_position FROM information_schema.columns WHERE table_schema=%s AND table_name=%s ORDER BY  params=('app', 'app_user')
2025-12-06 10:02:53,800 INFO ddos_app.db - SELECT: SELECT relname FROM pg_class c JOIN pg_namespace n ON n.oid = c.relnamespace WHERE n.nspname = %s AND c.relkind = 'v' ORDER BY relname params=('app',)
2025-12-06 10:02:53,834 INFO ddos_app.db - SELECT: SELECT relname FROM pg_class c JOIN pg_namespace n ON n.oid = c.relnamespace WHERE n.nspname = %s AND c.relkind = 'm' ORDER BY relname params=('app',)
2025-12-06 10:03:13,631 INFO ddos_app.db - SELECT: SELECT relname FROM pg_class c JOIN pg_namespace n ON n.oid = c.relnamespace WHERE n.nspname = %s AND c.relkind = 'v' ORDER BY relname params=('app',)
2025-12-06 10:03:13,664 INFO ddos_app.db - SELECT: SELECT relname FROM pg_class c JOIN pg_namespace n ON n.oid = c.relnamespace WHERE n.nspname = %s AND c.relkind = 'm' ORDER BY relname params=('app',)
2025-12-06 10:03:17,570 INFO ddos_app.db - SELECT: SELECT pg_get_viewdef(%s::regclass, true) params=('app.VIEWNEW',)
2025-12-06 10:03:19,093 INFO ddos_app.db - CMD: DROP VIEW IF EXISTS app."VIEWNEW" CASCADE params=()
2025-12-06 10:03:19,128 INFO ddos_app.db - SELECT: SELECT relname FROM pg_class c JOIN pg_namespace n ON n.oid = c.relnamespace WHERE n.nspname = %s AND c.relkind = 'v' ORDER BY relname params=('app',)
2025-12-06 10:03:19,161 INFO ddos_app.db - SELECT: SELECT relname FROM pg_class c JOIN pg_namespace n ON n.oid = c.relnamespace WHERE n.nspname = %s AND c.relkind = 'm' ORDER BY relname params=('app',)
2025-12-06 10:03:22,290 INFO ddos_app.db - SELECT: SELECT table_schema, table_name FROM information_schema.tables WHERE table_schema=%s AND table_type='BASE TABLE' ORDER BY 1,2 params=('app',)
2025-12-06 10:03:22,324 INFO ddos_app.db - SELECT: SELECT column_name, data_type, udt_schema, udt_name, is_nullable, column_default, ordinal_position FROM information_schema.columns WHERE table_schema=%s AND table_name=%s ORDER BY  params=('app', 'app_user')
2025-12-06 10:03:22,362 INFO ddos_app.db - SELECT: SELECT column_name, data_type, udt_schema, udt_name, is_nullable, column_default, ordinal_position FROM information_schema.columns WHERE table_schema=%s AND table_name=%s ORDER BY  params=('app', 'app_user')
2025-12-06 10:03:22,401 INFO ddos_app.db - SELECT: SELECT column_name, data_type, udt_schema, udt_name, is_nullable, column_default, ordinal_position FROM information_schema.columns WHERE table_schema=%s AND table_name=%s ORDER BY  params=('app', 'app_user')
2025-12-06 10:03:22,542 INFO ddos_app.db - SELECT: SELECT column_name, data_type, udt_schema, udt_name, is_nullable, column_default, ordinal_position FROM information_schema.columns WHERE table_schema=%s AND table_name=%s ORDER BY  params=('app', 'app_user')
2025-12-06 10:03:54,374 INFO ddos_app.db - SELECT: SELECT table_schema, table_name FROM information_schema.tables WHERE table_schema=%s AND table_type='BASE TABLE' ORDER BY 1,2 params=('app',)
2025-12-06 10:03:54,410 INFO ddos_app.db - SELECT: SELECT column_name, data_type, udt_schema, udt_name, is_nullable, column_default, ordinal_position FROM information_schema.columns WHERE table_schema=%s AND table_name=%s ORDER BY  params=('app', 'app_user')
2025-12-06 10:03:54,450 INFO ddos_app.db - SELECT: SELECT column_name, data_type, udt_schema, udt_name, is_nullable, column_default, ordinal_position FROM information_schema.columns WHERE table_schema=%s AND table_name=%s ORDER BY  params=('app', 'app_user')
2025-12-06 10:03:54,491 INFO ddos_app.db - SELECT: SELECT column_name, data_type, udt_schema, udt_name, is_nullable, column_default, ordinal_position FROM information_schema.columns WHERE table_schema=%s AND table_name=%s ORDER BY  params=('app', 'app_user')
2025-12-06 10:03:54,637 INFO ddos_app.db - SELECT: SELECT column_name, data_type, udt_schema, udt_name, is_nullable, column_default, ordinal_position FROM information_schema.columns WHERE table_schema=%s AND table_name=%s ORDER BY  params=('app', 'app_user')
2025-12-06 10:03:58,731 INFO ddos_app.db - SELECT: SELECT column_name, data_type, udt_schema, udt_name, is_nullable, column_default, ordinal_position FROM information_schema.columns WHERE table_schema=%s AND table_name=%s ORDER BY  params=('app', 'domain_state_log')
2025-12-06 10:07:07,860 INFO ddos_app.db - SELECT: SELECT table_schema, table_name FROM information_schema.tables WHERE table_schema=%s AND table_type='BASE TABLE' ORDER BY 1,2 params=('app',)
2025-12-06 10:07:07,897 INFO ddos_app.db - SELECT: SELECT column_name, data_type, udt_schema, udt_name, is_nullable, column_default, ordinal_position FROM information_schema.columns WHERE table_schema=%s AND table_name=%s ORDER BY  params=('app', 'app_user')
2025-12-06 10:07:07,944 INFO ddos_app.db - SELECT: SELECT column_name, data_type, udt_schema, udt_name, is_nullable, column_default, ordinal_position FROM information_schema.columns WHERE table_schema=%s AND table_name=%s ORDER BY  params=('app', 'app_user')
2025-12-06 10:07:07,989 INFO ddos_app.db - SELECT: SELECT column_name, data_type, udt_schema, udt_name, is_nullable, column_default, ordinal_position FROM information_schema.columns WHERE table_schema=%s AND table_name=%s ORDER BY  params=('app', 'app_user')
2025-12-06 10:07:08,032 INFO ddos_app.db - SELECT: SELECT column_name, data_type, udt_schema, udt_name, is_nullable, column_default, ordinal_position FROM information_schema.columns WHERE table_schema=%s AND table_name=%s ORDER BY  params=('app', 'app_user')
2025-12-06 10:07:30,495 INFO ddos_app.db - SELECT: SELECT column_name, data_type, udt_schema, udt_name, is_nullable, column_default, ordinal_position FROM information_schema.columns WHERE table_schema=%s AND table_name=%s ORDER BY  params=('app', 'domain_state_log')
2025-12-06 10:07:43,784 INFO ddos_app.db - SELECT: SELECT column_name, data_type, udt_schema, udt_name, is_nullable, column_default, ordinal_position FROM information_schema.columns WHERE table_schema=%s AND table_name=%s ORDER BY  params=('app', 'metric_sample')
2025-12-06 10:07:51,058 INFO ddos_app.db - SELECT: SELECT column_name, data_type, udt_schema, udt_name, is_nullable, column_default, ordinal_position FROM information_schema.columns WHERE table_schema=%s AND table_name=%s ORDER BY  params=('app', 'tracked_domain')
2025-12-06 10:08:17,512 INFO ddos_app.db - SELECT: SELECT column_name, data_type, udt_schema, udt_name, is_nullable, column_default, ordinal_position FROM information_schema.columns WHERE table_schema=%s AND table_name=%s ORDER BY  params=('app', 'metric_sample')
2025-12-06 10:08:37,155 INFO ddos_app.db - SELECT: SELECT column_name, data_type, udt_schema, udt_name, is_nullable, column_default, ordinal_position FROM information_schema.columns WHERE table_schema=%s AND table_name=%s ORDER BY  params=('app', 'tracked_domain')
2025-12-06 10:13:44,721 INFO ddos_app.db - SELECT: SELECT column_name, data_type, udt_schema, udt_name, is_nullable, column_default, ordinal_position FROM information_schema.columns WHERE table_schema=%s AND table_name=%s ORDER BY  params=('app', 'metric_sample')
2025-12-06 10:14:04,975 INFO ddos_app.db - SELECT: SELECT column_name, data_type, udt_schema, udt_name, is_nullable, column_default, ordinal_position FROM information_schema.columns WHERE table_schema=%s AND table_name=%s ORDER BY  params=('app', 'tracked_domain')
2025-12-06 10:14:42,706 INFO ddos_app.db - SELECT: SELECT "user_id", "domain", AVG("packets_per_s") AS "avg_pps", SUM("bytes_per_s") AS "total_traffic" FROM app.tracked_domain GROUP BY "user_id", "domain" LIMIT 200 params=()
2025-12-06 10:22:47,783 INFO ddos_app.db - SELECT: SELECT column_name, data_type, udt_schema, udt_name, is_nullable, column_default, ordinal_position FROM information_schema.columns WHERE table_schema=%s AND table_name=%s ORDER BY  params=('app', 'metric_sample')
2025-12-06 10:27:45,468 INFO ddos_app.db - SELECT: WITH HighLoadData AS ( SELECT "id" FROM app.metric_sample WHERE packets_per_s > 50 ) SELECT "source", "ok", COUNT(*) AS "total_samples", AVG("packets_per_s") AS "avg_pps", SUM("byt params=()
2025-12-06 10:28:48,157 INFO ddos_app.db - SELECT: WITH HighLoadData AS ( SELECT "id" FROM app.metric_sample WHERE packets_per_s > 500000 ) SELECT "source", "ok", COUNT(*) AS "total_samples", AVG("packets_per_s") AS "avg_pps", SUM( params=()
2025-12-06 10:28:50,164 INFO ddos_app.db - SELECT: WITH HighLoadData AS ( SELECT "id" FROM app.metric_sample WHERE packets_per_s > 50000 ) SELECT "source", "ok", COUNT(*) AS "total_samples", AVG("packets_per_s") AS "avg_pps", SUM(" params=()
2025-12-06 10:45:38,191 INFO ddos_app.db - SELECT: WITH HighLoadData AS ( SELECT "id" FROM app.metric_sample WHERE packets_per_s > 50 ) SELECT "source", "ok", COUNT(*) AS "total_samples", AVG("packets_per_s") AS "avg_pps", SUM("byt params=()
